{"/Users/siobhanomahony/WebstormProjects/ssd4/Agile-CA2/app.js":{"path":"/Users/siobhanomahony/WebstormProjects/ssd4/Agile-CA2/app.js","s":{"1":1,"2":1,"3":1,"4":1,"5":1,"6":1,"7":1,"8":1,"9":1,"10":1,"11":1,"12":1,"13":1,"14":1,"15":1,"16":1,"17":1,"18":1,"19":1,"20":1,"21":0,"22":1,"23":1,"24":1,"25":1,"26":1,"27":1,"28":1,"29":1,"30":1,"31":1,"32":1,"33":1,"34":1,"35":1,"36":1,"37":0,"38":0,"39":0,"40":1,"41":0,"42":0,"43":0,"44":0,"45":1},"b":{"1":[0,1],"2":[0,0],"3":[0,0]},"f":{"1":0,"2":0},"fnMap":{"1":{"name":"(anonymous_1)","line":52,"loc":{"start":{"line":52,"column":8},"end":{"line":52,"column":33}}},"2":{"name":"(anonymous_2)","line":59,"loc":{"start":{"line":59,"column":8},"end":{"line":59,"column":38}}}},"statementMap":{"1":{"start":{"line":1,"column":0},"end":{"line":1,"column":33}},"2":{"start":{"line":2,"column":0},"end":{"line":2,"column":27}},"3":{"start":{"line":3,"column":0},"end":{"line":3,"column":39}},"4":{"start":{"line":4,"column":0},"end":{"line":4,"column":31}},"5":{"start":{"line":5,"column":0},"end":{"line":5,"column":44}},"6":{"start":{"line":6,"column":0},"end":{"line":6,"column":40}},"7":{"start":{"line":7,"column":0},"end":{"line":7,"column":38}},"8":{"start":{"line":8,"column":0},"end":{"line":8,"column":38}},"9":{"start":{"line":9,"column":0},"end":{"line":9,"column":40}},"10":{"start":{"line":10,"column":0},"end":{"line":10,"column":36}},"11":{"start":{"line":12,"column":0},"end":{"line":12,"column":44}},"12":{"start":{"line":13,"column":0},"end":{"line":13,"column":20}},"13":{"start":{"line":16,"column":0},"end":{"line":16,"column":48}},"14":{"start":{"line":17,"column":0},"end":{"line":17,"column":30}},"15":{"start":{"line":21,"column":0},"end":{"line":21,"column":23}},"16":{"start":{"line":22,"column":0},"end":{"line":22,"column":27}},"17":{"start":{"line":23,"column":0},"end":{"line":23,"column":52}},"18":{"start":{"line":24,"column":0},"end":{"line":24,"column":24}},"19":{"start":{"line":25,"column":0},"end":{"line":25,"column":50}},"20":{"start":{"line":26,"column":0},"end":{"line":30,"column":1}},"21":{"start":{"line":27,"column":4},"end":{"line":27,"column":58}},"22":{"start":{"line":29,"column":4},"end":{"line":29,"column":59}},"23":{"start":{"line":30,"column":1},"end":{"line":30,"column":59}},"24":{"start":{"line":32,"column":0},"end":{"line":32,"column":20}},"25":{"start":{"line":33,"column":0},"end":{"line":33,"column":25}},"26":{"start":{"line":36,"column":0},"end":{"line":36,"column":35}},"27":{"start":{"line":37,"column":0},"end":{"line":37,"column":39}},"28":{"start":{"line":38,"column":0},"end":{"line":38,"column":41}},"29":{"start":{"line":39,"column":0},"end":{"line":39,"column":47}},"30":{"start":{"line":40,"column":0},"end":{"line":40,"column":51}},"31":{"start":{"line":42,"column":0},"end":{"line":42,"column":36}},"32":{"start":{"line":43,"column":0},"end":{"line":43,"column":39}},"33":{"start":{"line":44,"column":0},"end":{"line":44,"column":32}},"34":{"start":{"line":45,"column":0},"end":{"line":45,"column":41}},"35":{"start":{"line":46,"column":0},"end":{"line":46,"column":47}},"36":{"start":{"line":52,"column":0},"end":{"line":56,"column":3}},"37":{"start":{"line":53,"column":2},"end":{"line":53,"column":35}},"38":{"start":{"line":54,"column":2},"end":{"line":54,"column":19}},"39":{"start":{"line":55,"column":2},"end":{"line":55,"column":12}},"40":{"start":{"line":59,"column":0},"end":{"line":67,"column":3}},"41":{"start":{"line":61,"column":2},"end":{"line":61,"column":35}},"42":{"start":{"line":62,"column":2},"end":{"line":62,"column":69}},"43":{"start":{"line":65,"column":2},"end":{"line":65,"column":32}},"44":{"start":{"line":66,"column":2},"end":{"line":66,"column":22}},"45":{"start":{"line":69,"column":0},"end":{"line":69,"column":21}}},"branchMap":{"1":{"line":26,"type":"if","locations":[{"start":{"line":26,"column":0},"end":{"line":26,"column":0}},{"start":{"line":26,"column":0},"end":{"line":26,"column":0}}]},"2":{"line":62,"type":"cond-expr","locations":[{"start":{"line":62,"column":60},"end":{"line":62,"column":63}},{"start":{"line":62,"column":66},"end":{"line":62,"column":68}}]},"3":{"line":65,"type":"binary-expr","locations":[{"start":{"line":65,"column":13},"end":{"line":65,"column":23}},{"start":{"line":65,"column":27},"end":{"line":65,"column":30}}]}}},"/Users/siobhanomahony/WebstormProjects/ssd4/Agile-CA2/routes/index.js":{"path":"/Users/siobhanomahony/WebstormProjects/ssd4/Agile-CA2/routes/index.js","s":{"1":1,"2":1,"3":1,"4":0,"5":1},"b":{},"f":{"1":0},"fnMap":{"1":{"name":"(anonymous_1)","line":5,"loc":{"start":{"line":5,"column":16},"end":{"line":5,"column":41}}}},"statementMap":{"1":{"start":{"line":1,"column":0},"end":{"line":1,"column":33}},"2":{"start":{"line":2,"column":0},"end":{"line":2,"column":30}},"3":{"start":{"line":5,"column":0},"end":{"line":7,"column":3}},"4":{"start":{"line":6,"column":2},"end":{"line":6,"column":53}},"5":{"start":{"line":9,"column":0},"end":{"line":9,"column":24}}},"branchMap":{}},"/Users/siobhanomahony/WebstormProjects/ssd4/Agile-CA2/routes/users.js":{"path":"/Users/siobhanomahony/WebstormProjects/ssd4/Agile-CA2/routes/users.js","s":{"1":1,"2":1,"3":1,"4":0,"5":1},"b":{},"f":{"1":0},"fnMap":{"1":{"name":"(anonymous_1)","line":5,"loc":{"start":{"line":5,"column":16},"end":{"line":5,"column":41}}}},"statementMap":{"1":{"start":{"line":1,"column":0},"end":{"line":1,"column":33}},"2":{"start":{"line":2,"column":0},"end":{"line":2,"column":30}},"3":{"start":{"line":5,"column":0},"end":{"line":7,"column":3}},"4":{"start":{"line":6,"column":2},"end":{"line":6,"column":38}},"5":{"start":{"line":9,"column":0},"end":{"line":9,"column":24}}},"branchMap":{}},"/Users/siobhanomahony/WebstormProjects/ssd4/Agile-CA2/routes/recipe.js":{"path":"/Users/siobhanomahony/WebstormProjects/ssd4/Agile-CA2/routes/recipe.js","s":{"1":1,"2":1,"3":1,"4":1,"5":1,"6":1,"7":1,"8":2,"9":1,"10":1,"11":1,"12":1,"13":1,"14":0,"15":1,"16":1,"17":1,"18":1,"19":0,"20":1,"21":1,"22":0,"23":0,"24":0,"25":0,"26":1,"27":1,"28":1,"29":1,"30":1,"31":1,"32":1,"33":1,"34":1,"35":0,"36":1,"37":1,"38":1,"39":1,"40":0,"41":1,"42":1,"43":1,"44":1,"45":0,"46":1,"47":1,"48":1,"49":0,"50":1,"51":1},"b":{"1":[0,1],"2":[0,1],"3":[0,0],"4":[0,1],"5":[0,1],"6":[0,1],"7":[0,1]},"f":{"1":2,"2":1,"3":1,"4":1,"5":1,"6":1,"7":0,"8":0,"9":1,"10":1,"11":1,"12":1,"13":1,"14":1,"15":1},"fnMap":{"1":{"name":"(anonymous_1)","line":12,"loc":{"start":{"line":12,"column":15},"end":{"line":12,"column":30}}},"2":{"name":"(anonymous_2)","line":15,"loc":{"start":{"line":15,"column":16},"end":{"line":15,"column":28}}},"3":{"name":"(anonymous_3)","line":19,"loc":{"start":{"line":19,"column":17},"end":{"line":19,"column":36}}},"4":{"name":"(anonymous_4)","line":20,"loc":{"start":{"line":20,"column":16},"end":{"line":20,"column":39}}},"5":{"name":"(anonymous_5)","line":29,"loc":{"start":{"line":29,"column":17},"end":{"line":29,"column":36}}},"6":{"name":"(anonymous_6)","line":31,"loc":{"start":{"line":31,"column":42},"end":{"line":31,"column":65}}},"7":{"name":"getByValue","line":39,"loc":{"start":{"line":39,"column":0},"end":{"line":40,"column":0}}},"8":{"name":"(anonymous_8)","line":42,"loc":{"start":{"line":42,"column":23},"end":{"line":42,"column":36}}},"9":{"name":"(anonymous_9)","line":51,"loc":{"start":{"line":51,"column":19},"end":{"line":51,"column":38}}},"10":{"name":"(anonymous_10)","line":62,"loc":{"start":{"line":62,"column":17},"end":{"line":62,"column":31}}},"11":{"name":"(anonymous_11)","line":71,"loc":{"start":{"line":71,"column":22},"end":{"line":71,"column":41}}},"12":{"name":"(anonymous_12)","line":73,"loc":{"start":{"line":73,"column":44},"end":{"line":73,"column":58}}},"13":{"name":"(anonymous_13)","line":81,"loc":{"start":{"line":81,"column":22},"end":{"line":81,"column":41}}},"14":{"name":"(anonymous_14)","line":83,"loc":{"start":{"line":83,"column":35},"end":{"line":83,"column":57}}},"15":{"name":"(anonymous_15)","line":88,"loc":{"start":{"line":88,"column":25},"end":{"line":88,"column":40}}}},"statementMap":{"1":{"start":{"line":1,"column":0},"end":{"line":1,"column":41}},"2":{"start":{"line":2,"column":0},"end":{"line":2,"column":33}},"3":{"start":{"line":3,"column":0},"end":{"line":3,"column":30}},"4":{"start":{"line":5,"column":0},"end":{"line":5,"column":35}},"5":{"start":{"line":8,"column":0},"end":{"line":8,"column":54}},"6":{"start":{"line":10,"column":0},"end":{"line":10,"column":29}},"7":{"start":{"line":12,"column":0},"end":{"line":14,"column":3}},"8":{"start":{"line":13,"column":4},"end":{"line":13,"column":41}},"9":{"start":{"line":15,"column":0},"end":{"line":17,"column":3}},"10":{"start":{"line":16,"column":4},"end":{"line":16,"column":41}},"11":{"start":{"line":19,"column":0},"end":{"line":26,"column":1}},"12":{"start":{"line":20,"column":4},"end":{"line":25,"column":7}},"13":{"start":{"line":21,"column":8},"end":{"line":22,"column":26}},"14":{"start":{"line":22,"column":12},"end":{"line":22,"column":26}},"15":{"start":{"line":24,"column":8},"end":{"line":24,"column":26}},"16":{"start":{"line":29,"column":0},"end":{"line":37,"column":1}},"17":{"start":{"line":31,"column":4},"end":{"line":36,"column":7}},"18":{"start":{"line":32,"column":8},"end":{"line":35,"column":30}},"19":{"start":{"line":33,"column":12},"end":{"line":33,"column":70}},"20":{"start":{"line":35,"column":12},"end":{"line":35,"column":30}},"21":{"start":{"line":39,"column":0},"end":{"line":49,"column":1}},"22":{"start":{"line":41,"column":4},"end":{"line":41,"column":15}},"23":{"start":{"line":42,"column":4},"end":{"line":44,"column":7}},"24":{"start":{"line":43,"column":8},"end":{"line":43,"column":24}},"25":{"start":{"line":46,"column":4},"end":{"line":46,"column":37}},"26":{"start":{"line":51,"column":0},"end":{"line":68,"column":1}},"27":{"start":{"line":53,"column":4},"end":{"line":53,"column":31}},"28":{"start":{"line":55,"column":4},"end":{"line":55,"column":45}},"29":{"start":{"line":56,"column":4},"end":{"line":56,"column":45}},"30":{"start":{"line":57,"column":4},"end":{"line":57,"column":47}},"31":{"start":{"line":58,"column":4},"end":{"line":58,"column":37}},"32":{"start":{"line":60,"column":4},"end":{"line":60,"column":61}},"33":{"start":{"line":62,"column":4},"end":{"line":67,"column":7}},"34":{"start":{"line":63,"column":8},"end":{"line":64,"column":26}},"35":{"start":{"line":64,"column":12},"end":{"line":64,"column":26}},"36":{"start":{"line":66,"column":8},"end":{"line":66,"column":62}},"37":{"start":{"line":71,"column":0},"end":{"line":79,"column":1}},"38":{"start":{"line":73,"column":4},"end":{"line":78,"column":7}},"39":{"start":{"line":74,"column":8},"end":{"line":77,"column":52}},"40":{"start":{"line":75,"column":12},"end":{"line":75,"column":26}},"41":{"start":{"line":77,"column":12},"end":{"line":77,"column":52}},"42":{"start":{"line":81,"column":0},"end":{"line":96,"column":1}},"43":{"start":{"line":83,"column":4},"end":{"line":95,"column":7}},"44":{"start":{"line":84,"column":8},"end":{"line":94,"column":9}},"45":{"start":{"line":85,"column":12},"end":{"line":85,"column":26}},"46":{"start":{"line":87,"column":12},"end":{"line":87,"column":55}},"47":{"start":{"line":88,"column":12},"end":{"line":93,"column":15}},"48":{"start":{"line":89,"column":16},"end":{"line":92,"column":81}},"49":{"start":{"line":90,"column":20},"end":{"line":90,"column":34}},"50":{"start":{"line":92,"column":20},"end":{"line":92,"column":81}},"51":{"start":{"line":98,"column":0},"end":{"line":98,"column":24}}},"branchMap":{"1":{"line":21,"type":"if","locations":[{"start":{"line":21,"column":8},"end":{"line":21,"column":8}},{"start":{"line":21,"column":8},"end":{"line":21,"column":8}}]},"2":{"line":32,"type":"if","locations":[{"start":{"line":32,"column":8},"end":{"line":32,"column":8}},{"start":{"line":32,"column":8},"end":{"line":32,"column":8}}]},"3":{"line":46,"type":"cond-expr","locations":[{"start":{"line":46,"column":20},"end":{"line":46,"column":29}},{"start":{"line":46,"column":32},"end":{"line":46,"column":36}}]},"4":{"line":63,"type":"if","locations":[{"start":{"line":63,"column":8},"end":{"line":63,"column":8}},{"start":{"line":63,"column":8},"end":{"line":63,"column":8}}]},"5":{"line":74,"type":"if","locations":[{"start":{"line":74,"column":8},"end":{"line":74,"column":8}},{"start":{"line":74,"column":8},"end":{"line":74,"column":8}}]},"6":{"line":84,"type":"if","locations":[{"start":{"line":84,"column":8},"end":{"line":84,"column":8}},{"start":{"line":84,"column":8},"end":{"line":84,"column":8}}]},"7":{"line":89,"type":"if","locations":[{"start":{"line":89,"column":16},"end":{"line":89,"column":16}},{"start":{"line":89,"column":16},"end":{"line":89,"column":16}}]}}},"/Users/siobhanomahony/WebstormProjects/ssd4/Agile-CA2/models/recipe.js":{"path":"/Users/siobhanomahony/WebstormProjects/ssd4/Agile-CA2/models/recipe.js","s":{"1":1,"2":1,"3":1},"b":{},"f":{},"fnMap":{},"statementMap":{"1":{"start":{"line":1,"column":0},"end":{"line":1,"column":35}},"2":{"start":{"line":3,"column":0},"end":{"line":8,"column":3}},"3":{"start":{"line":11,"column":0},"end":{"line":11,"column":56}}},"branchMap":{}},"/Users/siobhanomahony/WebstormProjects/ssd4/Agile-CA2/routes/user.js":{"path":"/Users/siobhanomahony/WebstormProjects/ssd4/Agile-CA2/routes/user.js","s":{"1":1,"2":1,"3":1,"4":1,"5":1,"6":1,"7":1,"8":0,"9":1,"10":1,"11":1,"12":1,"13":0,"14":1,"15":1,"16":0,"17":0,"18":0,"19":0,"20":1,"21":1,"22":1,"23":1,"24":1,"25":1,"26":1,"27":1,"28":1,"29":0,"30":1,"31":1,"32":1,"33":1,"34":0,"35":1,"36":1,"37":1,"38":0,"39":1,"40":1,"41":1,"42":1,"43":0,"44":1,"45":1},"b":{"1":[0,1],"2":[0,1],"3":[0,0],"4":[0,1],"5":[0,1],"6":[0,1],"7":[0,1]},"f":{"1":1,"2":1,"3":1,"4":1,"5":0,"6":0,"7":1,"8":1,"9":1,"10":1,"11":1,"12":1,"13":1},"fnMap":{"1":{"name":"(anonymous_1)","line":9,"loc":{"start":{"line":9,"column":22},"end":{"line":9,"column":41}}},"2":{"name":"(anonymous_2)","line":10,"loc":{"start":{"line":10,"column":14},"end":{"line":10,"column":35}}},"3":{"name":"(anonymous_3)","line":18,"loc":{"start":{"line":18,"column":21},"end":{"line":18,"column":40}}},"4":{"name":"(anonymous_4)","line":20,"loc":{"start":{"line":20,"column":40},"end":{"line":20,"column":61}}},"5":{"name":"getByValue","line":28,"loc":{"start":{"line":28,"column":0},"end":{"line":29,"column":0}}},"6":{"name":"(anonymous_6)","line":31,"loc":{"start":{"line":31,"column":23},"end":{"line":31,"column":36}}},"7":{"name":"(anonymous_7)","line":40,"loc":{"start":{"line":40,"column":17},"end":{"line":40,"column":36}}},"8":{"name":"(anonymous_8)","line":51,"loc":{"start":{"line":51,"column":15},"end":{"line":51,"column":29}}},"9":{"name":"(anonymous_9)","line":59,"loc":{"start":{"line":59,"column":20},"end":{"line":59,"column":39}}},"10":{"name":"(anonymous_10)","line":61,"loc":{"start":{"line":61,"column":33},"end":{"line":61,"column":55}}},"11":{"name":"(anonymous_11)","line":66,"loc":{"start":{"line":66,"column":23},"end":{"line":66,"column":38}}},"12":{"name":"(anonymous_12)","line":76,"loc":{"start":{"line":76,"column":24},"end":{"line":76,"column":43}}},"13":{"name":"(anonymous_13)","line":78,"loc":{"start":{"line":78,"column":46},"end":{"line":78,"column":60}}}},"statementMap":{"1":{"start":{"line":1,"column":0},"end":{"line":1,"column":37}},"2":{"start":{"line":2,"column":0},"end":{"line":2,"column":33}},"3":{"start":{"line":3,"column":0},"end":{"line":3,"column":30}},"4":{"start":{"line":5,"column":0},"end":{"line":5,"column":35}},"5":{"start":{"line":9,"column":0},"end":{"line":16,"column":1}},"6":{"start":{"line":10,"column":4},"end":{"line":15,"column":7}},"7":{"start":{"line":11,"column":8},"end":{"line":12,"column":26}},"8":{"start":{"line":12,"column":12},"end":{"line":12,"column":26}},"9":{"start":{"line":14,"column":8},"end":{"line":14,"column":24}},"10":{"start":{"line":18,"column":0},"end":{"line":26,"column":1}},"11":{"start":{"line":20,"column":4},"end":{"line":25,"column":7}},"12":{"start":{"line":21,"column":8},"end":{"line":24,"column":28}},"13":{"start":{"line":22,"column":12},"end":{"line":22,"column":68}},"14":{"start":{"line":24,"column":12},"end":{"line":24,"column":28}},"15":{"start":{"line":28,"column":0},"end":{"line":38,"column":1}},"16":{"start":{"line":30,"column":4},"end":{"line":30,"column":15}},"17":{"start":{"line":31,"column":4},"end":{"line":33,"column":7}},"18":{"start":{"line":32,"column":8},"end":{"line":32,"column":24}},"19":{"start":{"line":35,"column":4},"end":{"line":35,"column":37}},"20":{"start":{"line":40,"column":0},"end":{"line":57,"column":1}},"21":{"start":{"line":42,"column":4},"end":{"line":42,"column":27}},"22":{"start":{"line":44,"column":4},"end":{"line":44,"column":41}},"23":{"start":{"line":45,"column":4},"end":{"line":45,"column":39}},"24":{"start":{"line":46,"column":4},"end":{"line":46,"column":39}},"25":{"start":{"line":47,"column":4},"end":{"line":47,"column":33}},"26":{"start":{"line":49,"column":4},"end":{"line":49,"column":57}},"27":{"start":{"line":51,"column":4},"end":{"line":56,"column":7}},"28":{"start":{"line":52,"column":8},"end":{"line":53,"column":26}},"29":{"start":{"line":53,"column":12},"end":{"line":53,"column":26}},"30":{"start":{"line":55,"column":8},"end":{"line":55,"column":58}},"31":{"start":{"line":59,"column":0},"end":{"line":74,"column":1}},"32":{"start":{"line":61,"column":4},"end":{"line":73,"column":7}},"33":{"start":{"line":62,"column":8},"end":{"line":72,"column":9}},"34":{"start":{"line":63,"column":12},"end":{"line":63,"column":26}},"35":{"start":{"line":65,"column":12},"end":{"line":65,"column":47}},"36":{"start":{"line":66,"column":12},"end":{"line":71,"column":15}},"37":{"start":{"line":67,"column":16},"end":{"line":70,"column":74}},"38":{"start":{"line":68,"column":20},"end":{"line":68,"column":34}},"39":{"start":{"line":70,"column":20},"end":{"line":70,"column":74}},"40":{"start":{"line":76,"column":4},"end":{"line":84,"column":5}},"41":{"start":{"line":78,"column":8},"end":{"line":83,"column":11}},"42":{"start":{"line":79,"column":12},"end":{"line":82,"column":54}},"43":{"start":{"line":80,"column":16},"end":{"line":80,"column":30}},"44":{"start":{"line":82,"column":16},"end":{"line":82,"column":54}},"45":{"start":{"line":89,"column":4},"end":{"line":89,"column":28}}},"branchMap":{"1":{"line":11,"type":"if","locations":[{"start":{"line":11,"column":8},"end":{"line":11,"column":8}},{"start":{"line":11,"column":8},"end":{"line":11,"column":8}}]},"2":{"line":21,"type":"if","locations":[{"start":{"line":21,"column":8},"end":{"line":21,"column":8}},{"start":{"line":21,"column":8},"end":{"line":21,"column":8}}]},"3":{"line":35,"type":"cond-expr","locations":[{"start":{"line":35,"column":20},"end":{"line":35,"column":29}},{"start":{"line":35,"column":32},"end":{"line":35,"column":36}}]},"4":{"line":52,"type":"if","locations":[{"start":{"line":52,"column":8},"end":{"line":52,"column":8}},{"start":{"line":52,"column":8},"end":{"line":52,"column":8}}]},"5":{"line":62,"type":"if","locations":[{"start":{"line":62,"column":8},"end":{"line":62,"column":8}},{"start":{"line":62,"column":8},"end":{"line":62,"column":8}}]},"6":{"line":67,"type":"if","locations":[{"start":{"line":67,"column":16},"end":{"line":67,"column":16}},{"start":{"line":67,"column":16},"end":{"line":67,"column":16}}]},"7":{"line":79,"type":"if","locations":[{"start":{"line":79,"column":12},"end":{"line":79,"column":12}},{"start":{"line":79,"column":12},"end":{"line":79,"column":12}}]}}},"/Users/siobhanomahony/WebstormProjects/ssd4/Agile-CA2/models/user.js":{"path":"/Users/siobhanomahony/WebstormProjects/ssd4/Agile-CA2/models/user.js","s":{"1":1,"2":1,"3":1},"b":{},"f":{},"fnMap":{},"statementMap":{"1":{"start":{"line":1,"column":0},"end":{"line":1,"column":35}},"2":{"start":{"line":3,"column":0},"end":{"line":8,"column":3}},"3":{"start":{"line":10,"column":0},"end":{"line":10,"column":52}}},"branchMap":{}}}