TN:
SF:/Users/siobhanomahony/WebstormProjects/ssd4/Agile-CA2/app.js
FN:52,(anonymous_1)
FN:59,(anonymous_2)
FNF:2
FNH:0
FNDA:0,(anonymous_1)
FNDA:0,(anonymous_2)
DA:1,1
DA:2,1
DA:3,1
DA:4,1
DA:5,1
DA:6,1
DA:7,1
DA:8,1
DA:9,1
DA:10,1
DA:12,1
DA:13,1
DA:16,1
DA:17,1
DA:21,1
DA:22,1
DA:23,1
DA:24,1
DA:25,1
DA:26,1
DA:27,0
DA:29,1
DA:30,1
DA:32,1
DA:33,1
DA:36,1
DA:37,1
DA:38,1
DA:39,1
DA:40,1
DA:42,1
DA:43,1
DA:44,1
DA:45,1
DA:46,1
DA:52,1
DA:53,0
DA:54,0
DA:55,0
DA:59,1
DA:61,0
DA:62,0
DA:65,0
DA:66,0
DA:69,1
LF:45
LH:37
BRDA:26,1,0,0
BRDA:26,1,1,1
BRDA:62,2,0,0
BRDA:62,2,1,0
BRDA:65,3,0,0
BRDA:65,3,1,0
BRF:6
BRH:1
end_of_record
TN:
SF:/Users/siobhanomahony/WebstormProjects/ssd4/Agile-CA2/routes/index.js
FN:5,(anonymous_1)
FNF:1
FNH:0
FNDA:0,(anonymous_1)
DA:1,1
DA:2,1
DA:5,1
DA:6,0
DA:9,1
LF:5
LH:4
BRF:0
BRH:0
end_of_record
TN:
SF:/Users/siobhanomahony/WebstormProjects/ssd4/Agile-CA2/routes/users.js
FN:5,(anonymous_1)
FNF:1
FNH:0
FNDA:0,(anonymous_1)
DA:1,1
DA:2,1
DA:5,1
DA:6,0
DA:9,1
LF:5
LH:4
BRF:0
BRH:0
end_of_record
TN:
SF:/Users/siobhanomahony/WebstormProjects/ssd4/Agile-CA2/routes/recipe.js
FN:12,(anonymous_1)
FN:15,(anonymous_2)
FN:19,(anonymous_3)
FN:20,(anonymous_4)
FN:29,(anonymous_5)
FN:31,(anonymous_6)
FN:39,getByValue
FN:42,(anonymous_8)
FN:51,(anonymous_9)
FN:62,(anonymous_10)
FN:71,(anonymous_11)
FN:73,(anonymous_12)
FN:81,(anonymous_13)
FN:83,(anonymous_14)
FN:88,(anonymous_15)
FNF:15
FNH:13
FNDA:2,(anonymous_1)
FNDA:1,(anonymous_2)
FNDA:1,(anonymous_3)
FNDA:1,(anonymous_4)
FNDA:1,(anonymous_5)
FNDA:1,(anonymous_6)
FNDA:0,getByValue
FNDA:0,(anonymous_8)
FNDA:1,(anonymous_9)
FNDA:1,(anonymous_10)
FNDA:1,(anonymous_11)
FNDA:1,(anonymous_12)
FNDA:1,(anonymous_13)
FNDA:1,(anonymous_14)
FNDA:1,(anonymous_15)
DA:1,1
DA:2,1
DA:3,1
DA:5,1
DA:8,1
DA:10,1
DA:12,1
DA:13,2
DA:15,1
DA:16,1
DA:19,1
DA:20,1
DA:21,1
DA:22,0
DA:24,1
DA:29,1
DA:31,1
DA:32,1
DA:33,0
DA:35,1
DA:39,1
DA:41,0
DA:42,0
DA:43,0
DA:46,0
DA:51,1
DA:53,1
DA:55,1
DA:56,1
DA:57,1
DA:58,1
DA:60,1
DA:62,1
DA:63,1
DA:64,0
DA:66,1
DA:71,1
DA:73,1
DA:74,1
DA:75,0
DA:77,1
DA:81,1
DA:83,1
DA:84,1
DA:85,0
DA:87,1
DA:88,1
DA:89,1
DA:90,0
DA:92,1
DA:98,1
LF:51
LH:41
BRDA:21,1,0,0
BRDA:21,1,1,1
BRDA:32,2,0,0
BRDA:32,2,1,1
BRDA:46,3,0,0
BRDA:46,3,1,0
BRDA:63,4,0,0
BRDA:63,4,1,1
BRDA:74,5,0,0
BRDA:74,5,1,1
BRDA:84,6,0,0
BRDA:84,6,1,1
BRDA:89,7,0,0
BRDA:89,7,1,1
BRF:14
BRH:6
end_of_record
TN:
SF:/Users/siobhanomahony/WebstormProjects/ssd4/Agile-CA2/models/recipe.js
FNF:0
FNH:0
DA:1,1
DA:3,1
DA:11,1
LF:3
LH:3
BRF:0
BRH:0
end_of_record
TN:
SF:/Users/siobhanomahony/WebstormProjects/ssd4/Agile-CA2/routes/user.js
FN:9,(anonymous_1)
FN:10,(anonymous_2)
FN:18,(anonymous_3)
FN:20,(anonymous_4)
FN:28,getByValue
FN:31,(anonymous_6)
FN:40,(anonymous_7)
FN:51,(anonymous_8)
FN:59,(anonymous_9)
FN:61,(anonymous_10)
FN:66,(anonymous_11)
FN:76,(anonymous_12)
FN:78,(anonymous_13)
FNF:13
FNH:11
FNDA:1,(anonymous_1)
FNDA:1,(anonymous_2)
FNDA:1,(anonymous_3)
FNDA:1,(anonymous_4)
FNDA:0,getByValue
FNDA:0,(anonymous_6)
FNDA:1,(anonymous_7)
FNDA:1,(anonymous_8)
FNDA:1,(anonymous_9)
FNDA:1,(anonymous_10)
FNDA:1,(anonymous_11)
FNDA:1,(anonymous_12)
FNDA:1,(anonymous_13)
DA:1,1
DA:2,1
DA:3,1
DA:5,1
DA:9,1
DA:10,1
DA:11,1
DA:12,0
DA:14,1
DA:18,1
DA:20,1
DA:21,1
DA:22,0
DA:24,1
DA:28,1
DA:30,0
DA:31,0
DA:32,0
DA:35,0
DA:40,1
DA:42,1
DA:44,1
DA:45,1
DA:46,1
DA:47,1
DA:49,1
DA:51,1
DA:52,1
DA:53,0
DA:55,1
DA:59,1
DA:61,1
DA:62,1
DA:63,0
DA:65,1
DA:66,1
DA:67,1
DA:68,0
DA:70,1
DA:76,1
DA:78,1
DA:79,1
DA:80,0
DA:82,1
DA:89,1
LF:45
LH:35
BRDA:11,1,0,0
BRDA:11,1,1,1
BRDA:21,2,0,0
BRDA:21,2,1,1
BRDA:35,3,0,0
BRDA:35,3,1,0
BRDA:52,4,0,0
BRDA:52,4,1,1
BRDA:62,5,0,0
BRDA:62,5,1,1
BRDA:67,6,0,0
BRDA:67,6,1,1
BRDA:79,7,0,0
BRDA:79,7,1,1
BRF:14
BRH:6
end_of_record
TN:
SF:/Users/siobhanomahony/WebstormProjects/ssd4/Agile-CA2/models/user.js
FNF:0
FNH:0
DA:1,1
DA:3,1
DA:10,1
LF:3
LH:3
BRF:0
BRH:0
end_of_record
